<?xml version="1.0" encoding="UTF-8"?>
<beans xmlns="http://www.springframework.org/schema/beans"
	xmlns:xsi="http://www.w3.org/2001/XMLSchema-instance" xmlns:context="http://www.springframework.org/schema/context"
	xmlns:beans="http://www.springframework.org/schema/beans"
	xsi:schemaLocation="http://www.springframework.org/schema/context http://www.springframework.org/schema/context/spring-context.xsd
        http://www.springframework.org/schema/beans http://www.springframework.org/schema/beans/spring-beans.xsd">

	<context:component-scan base-package="com.gxws.tool.link.properties" />

	<!-- 读取配置 -->
	<bean class="com.gxws.tool.link.properties.spring.LinkPropertiesBean">
		<property name="linkPropertiesReadCore" ref="linkPropertiesReadCore" />
		<property name="linkPropertiesWriteCore" ref="linkPropertiesWriteCore" />
		<property name="projectInfo" ref="projectInfo" />
		<property name="constantClassnames">
			<list>
				<value>com.gxws.tool.link.properties.test.Constant</value>
			</list>
		</property>
	</bean>

</beans>